[    0.00000] Initializing cgroup subsys cpust
[    0.00000] Initialiing cgroup subsys cpu
[    0.000000] Initializing cgroup subsys cpuacct
[    0.000000] Linux version 4.4.0-210-geeric (buildd@lgw01-amd64-009) (gcc version 5.4.0 20160609 (Ubuntu 5.4.0-6ubuntu1~16.04.12) ) #242-Ubuntu SMP Fri Apr 16 09:57:56 UTC 2021 (Ubuntu 4.4.0-210.242-generic 4.4.262)
[    0.000000] Command line: BOOT_IMAGE=/boot/vmlinuz-4.4.0-210-generic root=LABEL=cloudimg-rootfs ro console=tty1 console=ttyS0
[    0.000000] KERNEL supported cpus:
[    0.000000]   Intel GenuineIntel
[    0.000000]   AMD AuthenticAMD
[    0.000000]   Centaur CentaurHauls
[    0.000000] x86/fpu: Legacy x87 FPU detected.
[    0.000000] e820: BIOS-provided physical RAM map:
[    0.000000] BIOS-e820: [mem 0x0000000000000000-0x000000000009fbff] usable
[    0.000000] BIOS-e820: [mem 0x000000000009fc00-0x000000000009ffff] reserved
[    0.000000] BIOS-e820: [mem 0x00000000000f0000-0x00000000000fffff] reserved
[    0.000000] BIOS-e820: [mem 0x0000000000100000-0x0000000082feffff] usable
[    0.000000] BIOS-e820: [mem 0x0000000082ff0000-0x0000000082ffffff] ACPI data
[    0.000000] BIOS-e820: [mem 0x000000fec00000-0x0000000fec00ff] reserved
[    0.00000] BIOS-e820: [mem 0x0000000fee00000-0x00000000fee00fff] reserved
[    0.000000] BIOS-e820 [mem 0x00000000fffc000-0x00000000ffffffff] reserved
[    0.000000] NX (Execute Disable) protection: active
[    0.000000] SMBIOS 2.5 present.
[    0.000000] Hypervisor detected: KVM
[    0.00000] e820: last_pfn = 0x82ff0 max_arch_pfn = 0x400000000[    0.000000] MTRR: Disabled
[    0.000000] x86/PAT: MTRRs disabled, skipping PAT iinitialization too.
[    0.000000] CPU MTRRs all blank - virtualized system.
[    0.000000] x86/PAT: Configuratio [0-7]: W  WT  UC- UC  WB  WT  UC- UC  
[    0.000000] found SMP MP-table at [mem 0x0009fff0-0x0009ffff] mapped at [fff88000009fff0]
[    0.000000] Scanning 1 areas for low memory corruptin
[    0.000000] RAMDISK: [mem 0x362dc000-0x37165fff]
[    0.000000] ACPI: Early table checksum verification disabled
[    0.000000] ACPI: RSDP 0x00000000000E0000000024 (v02 VBOX  )
[    0.000000] ACPI: XSDT 0x0000000082FF0030 00003C (v01 VBOX   VBOXXSDT 00000001 ASL  00000061)
[    0.000000] API: FACP 0x0000000082FF00F0 0000F4 (v04 VBX   VBOXFACP 00000001 ASL  00000061)
[    0.000000] ACPI: DSDT 0x0000000082FF0470 0021FF (v02 VBOX   VBOXBIOS 00000002 INTL 210052
[    0.000000] ACPI: FACS 0x000000082FF0200 000040
[    0.000000] ACI: FACS 0x0000000082FF020 000040
[    0.000000] ACPI: APIC 0x0000000082FF024 00005C (v0 VOX   VBOXAPIC 00000001 ASL  00000061)
[    0.000000] ACPI: SSDT 0x0000000082FF02A0 0001CC (v01 VBOX   VBOXCPUT 00000002 INTL 20100528)
[    0.000000] No NUMA configuration found
[    0.000000] Faking a node at [mem 0x0000000000000000-0x0000000082feffff]
[    0.000000] NODE_DATA(0) allocated [mem 0x82feb000-0x82feffff]
[    0.000000] kvm-clock: Using msrs 4b564d01 and 4b564d00
[    0.000000] kvm-clock: cpu 0, msr 0:82fe3001, primary cpu clock
[    0.000000] kvm-clock: using sched offset of 4905117255 cycles
[    0.000000] clocksource: kvm-clock: mask: 0xffffffffffffffff max_cycles: 0x1cd42e4dffb, max_idle_ns: 881590591483 ns
[    0.000000] Zone ranges:
[    0.000000]   DMA      [mem 0x0000000000001000-0x0000000000ffffff]
[    0.000000]   DMA32    [mem 0x0000000001000000-0x0000000082feffff]
[    0.000000]   Normal   empty
[    0.000000]   Devic  empty
[    0.000000] Movabl zonestart for each node
[    0.00000] Early memory nod ranges
[   0.000000]   node   0: [mem 0x0000000000001000-0x000000000009efff]
[    0.000000]   node   0: [mem 0x00000000001000000-0x0000000082feffff]
[    0.000000] Initmem setup node 0 [mem 0x0000000000001000-0x0000000082feffff]
[    0.000000] ACPI: PM-Timer IO Port: 0x4008
[    0.000000] IOAPIC[0]: apic_id 2, version 32, address 0xfec00000, GSI 0-23
[    0.000000] ACPI: INT_SRC_OVR (bus 0 bus_irq 0 global_irq 2 dfl dfl)
[    0.000000] ACPI: INT_SRC_OVR (bus 0 bus_irq 9 global_irq 9 low level)
[    0.000000] Using ACPI (MADT) for SMP configuration information
[    0.000000] smpboot: Allowing 2 CPUs, 0 hotplug CPUs
[    0.000000] PM: Registered nosave memory: [mem 0x00000000-0x00000fff]
[    0.000000] PM: Registered nosave memory: [mem 0x0009f000-0x0009ffff]
[    0.000000] PM: Registered nosave memory: [mem 0x000a0000-0x000effff]
[    0.000000] PM: Registered nosave memory: [mem 0x000f0000-0x000fffff]
[    0.000000] e820: [mem 0x83000000-0xfebfffff] available for PCI devices
[    0.000000] Booting paravirtualized kernel on KVM
[    0.000000] clocksourc: refinedjiffies: mask: 0xffffffff max_cycles: 0xffffffff, max_idle_ns: 7645519600211568 ns
[    0.000000] setup_percpu: NR_CPUS:512 nr_cpumask_bits:512 nr_cpu_ids:2 nr_node_ids:1
[    0.000000] PERCPU: Embedded 33 pages/cpu @ffff880082c00000 s95192 r8192 d31784 u1048576
[    0.000000] Built 1 zonelists in Node order, mobility grouping on.  Total pages: 528056
[    0.000000] Policy zone: DMA32
[    0.000000] Kernel command line: BOOT_IMAGE=/boot/vmlinuz-4.4.0-210-generic root=LABEL=cloudimg-rootfs ro console=tty1 console=ttyS0
[    0.000000] PID hash table entries: 4096 (order: 3, 32768 bytes)
[    0.000000] Memory: 2077088K/2145848K available (8644K kernel code, 1332K rwdata, 4044K rodata, 1492K init, 1164K bss, 68760K reserved, 0K cma-reserved)
[    0.000000] SLUB: HWalign=64, Order=0-3, MinObjects=0, CPUs=2, Nodes=1
[    0.000000] Kernel/User page tables isolation: enabled
[    0.000000] Hierarchical RCU implementation.
[    0.000000] 	Build-time adjustment of leaf fanout to64.
[    .000000] 	RCU restricting CPUs from NR_CPUS=512 to nr_cpu_ids=2.
[    0.000000] RCU: Adjusting geometry for rcu_fanout_leaf=64, nr_cpu_ids=2
[    0.000000] NR_IRQS:33024 nr_irqs:440 16
[    0.000000] Console: colour VGA+ 80x25
[    0.000000] console [tty1] enabled
[    0.000000] consle [ttyS0] enabled
[    0.000000] tsc: Detected2808.712 MHz processor
[    1.127759] Calibrating delay loop (skipped) preset value.. 5617.42 BogoMIPS (lpj=11234848)
[    1.141140] pid_max: default: 32768 minimum: 301
[    1.171393] ACPI: Core revision 20150930
[    1.180321] ACPI: 2 ACPI AML tables successfully acquired and loaded
[    1.182016] Security Framework initialized
[    1.182996] Yama: becoming mindful.
[    1.183869] AppArmor: AppArmor initialized
[    1.187636] Dentry cache hash table entries: 524288 (order: 10, 4194304 bytes)
[    1.195130] Inode-cache hash table entries: 262144 (order: 9, 2097152 bytes)
[    1.197402] Mount-cache hash table entries: 8192 (order: 4, 65536 bytes)
[    1.200708] Mountpoint-cache hash table entries: 8192 (order: 4, 65536 bytes)
[    1.207584] Initializing cgroup subsys io
[    1.212735] Initializing cgroup subsys memory
[    1.217894] Initializing cgroup subsys devices
[    1.221092] Initializing cgroup subsys freezer
[    1.228398] Initializing cgroup subsys net_cls
[    1.229838] Initializing cgroup subsys perf_event
[    1.240213] Initializing cgroup subsys net_prio
[    1.241826] Initializing cgroup subsys hugetlb
[    1.245074] Initializing cgroup subsys pids
[    1.263357] mce: CPU supports 0 MCE banks
[    1.268752] Last level iTLB entries: 4KB 512, 2MB 7, 4MB 7
[    1.271258] Last level dTLB entries: 4KB 512, 2MB 32, 4MB 32, 1GB 0
[    1.282447] Spectre V1 : Mitigation: usercopy/swapgs barriers and __user pointer sanitization
[    1.292379] Spectre V2 : Mitigation: Full generic retpoline
[    1.300415] Spectre V2 : Spectre v2 / SpectreRSB mitigation: Filling RSB on context switch
[    1.306257] Speculative Store Bypass: Vulnerable
[    1.326980] MDS: Vulnerable: Clear CPU buffers attempted, no microcode
[    1.334325] Freeing SMP alternatives memory: 36K
[    1.345807] ftrace: allocating 32380 entries in 127 pages
[    1.424047] smpboot: APIC(0) Converting physical 0 to logical package 0
[    1.428095] smpboot: Max logical packages: 1
[    1.432114] x2apic enabled
[    1.433194] Switched APIC routing to physical x2apic.
[    1.435564] ..TIMER: vector=0x30 apic1=0 pin1=2 apic2=-1 pin2=-1
[    1.546170] smpboot: CPU0: Intel(R) Core(TM) i7 CPU         860  @ 2.80GHz (family: 0x6, model: 0x1e, stepping: 0x5)
[    1.553143] Performance Events: unsupported p6 CPU model 30 no PMU driver, software events only.
[    1.571524] KVM setup paravirtual spinlock
[    1.573715] x86: Booting SMP configuration:
[    1.575184] .... node  #0, CPUs:      #1
[    1.579928] kvm-clock: cpu 1, msr 0:82fe3041, secondary cpu clock
[    1.590307] mce: CPU supports 0 MCE banks
[    1.593780] x86: Booted up 1 node, 2 CPUs
[    1.596290] smpboot: Total of 2 processors activated (11234.84 BogoMIPS)
[    1.599551] devtmpfs: initialized
[    1.602510] evm: security.selinux
[    1.604060] evm: security.SMACK64
[    1.605046] evm: security.SMACK64EXEC
[    1.606067] evm: security.SMACK64TRANSMUTE
[    1.607169] evm: security.SMACK64MMAP
[    1.608153] evm: security.ima
[    1.609255] evm: security.capability
[    1.611854] clocksource: jiffies: mask: 0xffffffff max_cycles: 0xffffffff, max_idle_ns: 7645041785100000 ns
[    1.615738] futex hash table entries: 512 (order: 3, 32768 bytes)
[    1.617631] pinctrl core: initialized pinctrl subsystem
[    1.619094] RTC time:  8:51:44, date: 02/17/23
[    1.621674] NET: Registered protocol family 16
[    1.634861] cpuidle: using governor ladder
[    1.653774] cpuidle: using governor menu
[    1.655312] PCCT header not found.
[    1.659253] ACPI: bus type PCI registered
[    1.665088] acpiphp: ACPI Hot Plug PCI Controller Driver version: 0.5
[    1.692232] PCI: Using configuration type 1 for base access
[    1.715660] ACPI: Added _OSI(Module Device)
[    1.720711] ACPI: Added _OSI(Processor Device)
[    1.722327] ACPI: Added _OSI(3.0 _SCP Extensions)
[    1.737872] ACPI: Added _OSI(Processor Aggregator Device)
[    1.741785] ACPI: Executed 1 blocks of module-level executable AML code
[    1.747616] ACPI: Interpreter enabled
[    1.757281] ACPI: (supports S0 S5)
[    1.767841] ACPI: Using IOAPIC for interrupt routing
[    1.773132] PCI: Using host bridge windows from ACPI; if necessary, use "pci=nocrs" and report a bug
[    1.789909] ACPI: PCI Root Bridge [PCI0] (domain 0000 [bus 00-ff])
[    1.792647] acpi PNP0A03:00: _OSC: OS supports [ASPM ClockPM Segments MSI]
[    1.797377] acpi PNP0A03:00: _OSC: not requesting OS control; OS requires [ExtendedConfig ASPM ClockPM MSI]
[    1.800185] acpi PNP0A03:00: fail to add MMCONFIG information, can't access extended PCI configuration space under this bridge.
[    1.810226] PCI host bridge to bus 0000:00
[    1.811595] pci_bus 0000:00: root bus resource [io  0x0000-0x0cf7 window]
[    1.822085] pci_bus 0000:00: root bus resource [io  0x0d00-0xffff window]
[    1.824080] pci_bus 0000:00: root bus resource [mem 0x000a0000-0x000bffff window]
[    1.830743] pci_bus 0000:00: root bus resource [mem 0x83000000-0xfdffffff window]
[    1.832749] pci_bus 0000:00: root bus resource [bus 00-ff]
[    1.839331] pci 0000:00:01.1: legacy IDE quirk: reg 0x10: [io  0x01f0-0x01f7]
[    1.841069] pci 0000:00:01.1: legacy IDE quirk: reg 0x14: [io  0x03f6]
[    1.849509] pci 0000:00:01.1: legacy IDE quirk: reg 0x18: [io  0x0170-0x0177]
[    1.851379] pci 0000:00:01.1: legacy IDE quirk: reg 0x1c: [io  0x0376]
[    1.899857] pci 0000:00:07.0: quirk: [io  0x4000-0x403f] claimed by PIIX4 ACPI
[    1.902020] pci 0000:00:07.0: quirk: [io  0x4100-0x410f] claimed by PIIX4 SMB
[    1.935304] ACPI: PCI Interrupt Link [LNKA] (IRQs 5 9 10 *11)
[    1.939157] ACPI: PCI Interrupt Link [LNKB] (IRQs 5 9 *10 11)
[    1.952081] ACPI: PCI Interrupt Link [LNKC] (IRQs 5 *9 10 11)
[    1.955478] ACPI: PCI Interrupt Link [LNKD] (IRQs 5 9 10 *11)
[    1.957741] ACPI: Enabled 2 GPEs in block 00 to 07
[    1.959459] vgaarb: setting as boot device: PCI:0000:00:02.0
[    1.960919] vgaarb: device added: PCI:0000:00:02.0,decodes=io+mem,owns=io+mem,locks=none
[    1.963039] vgaarb: loaded
[    1.964077] vgaarb: bridge control possible 0000:00:02.0
[    1.966512] SCSI subsystem initialized
[    1.967855] ACPI: bus type USB registered
[    1.968973] usbcore: registered new interface driver usbfs
[    1.972272] usbcore: registered new interface driver hub
[    1.974010] usbcore: registered new device driver usb
[    1.975589] PCI: Using ACPI for IRQ routing
[    1.979232] NetLabel: Initializing
[    1.988284] NetLabel:  domain hash size = 128
[    1.989899] NetLabel:  protocols = UNLABELED CIPSOv4
[    1.991447] NetLabel:  unlabeled traffic allowed by default
[    1.993245] amd_nb: Cannot enumerate AMD northbridges
[    1.994741] clocksource: Switched to clocksource kvm-clock
[    2.010698] AppArmor: AppArmor Filesystem Enabled
[    2.012002] pnp: PnP ACPI init
[    2.014225] pnp: PnP ACPI: found 3 devices
[    2.030589] clocksource: acpi_pm: mask: 0xffffff max_cycles: 0xffffff, max_idle_ns: 2085701024 ns
[    2.034104] NET: Registered protocol family 2
[    2.035567] TCP established hash table entries: 32768 (order: 6, 262144 bytes)
[    2.039454] TCP bind hash table entries: 32768 (order: 7, 524288 bytes)
[    2.043947] TCP: Hash tables configured (established 32768 bind 32768)
[    2.045440] UDP hash table entries: 2048 (order: 4, 65536 bytes)
[    2.046847] UDP-Lite hash table entries: 2048 (order: 4, 65536bytes)
[    2.075504] NET: Registered protocol family 1
[    2.077004] pci 0000:00:00.0: Limiting direct PCI/PCI transfers
[    2.078441] pci 0000:00:01.0: Activating ISA DMA hang workarounds
[    2.080001] Unpacking initramfs...

[    2.396483] Freeing initrd memory: 14888K
[    2.404110] clocksource: tsc: mask: 0xffffffffffffffff max_cycles: 0x287c66dc59d, max_idle_ns: 440795272342 ns
[    2.409531] platform rtc_cmos: registered platform RTC device (no PNP device found)
[    2.412305] Scanning for low memory corruption every 60 seconds
[    2.414674] audit: initializing netlink subsys (disabled)
[    2.416485] audit: type=2000 audit(1676623910.572:1): initialized
[    2.418731] Initialise system trusted keyring
[    2.422275] HugeTLB registered 2 MB page size, pre-allocated 0 pages
[    2.429542] zbud: loaded
[    2.430818] VFS: Disk quotas dquot_6.6.0
[    2.432343] VFS: Dquot-cache hash table entries: 512 (order 0, 4096 bytes)
[    2.434736] squashfs: version 4.0 (2009/01/31) Phillip Lougher
[    2.437640] fuse init (API version 7.23)
[    2.446444] Key type big_key registered
[    2.447658] Allocating IMA MOK and blacklist keyrings.
[    2.450923] Key type asymmetric registered
[    2.451991] Asymmetric key parser 'x509' registered
[    2.454675] Block layer SCSI generic (bsg) driver version 0.4 loaded (major 249)
[    2.457140] io scheduler noop registered
[    2.458672] io scheduler deadline registered (default)
[    2.460473] io scheduler cfq registered
[    2.461713] pci_hotplug: PCI Hot Plug PCI Core version: 0.5
[    2.463258] pciehp: PCI Express Hot Plug Controller Driver version: 0.4
[    2.465211] ACPI: AC Adapter [AC] (on-line)
[    2.467479] input: Power Button as /devices/LNXSYSTM:00/LNXPWRBN:00/input/input0
[    2.470004] ACPI: Power Button [PWRF]
[    2.471782] input: Sleep Button as /devices/LNXSYSTM:00/LNXSLPBN:00/input/input1
[    2.473677] ACPI: Sleep Button [SLPF]
[    2.474950] GHES: HEST is not enabled!
[    2.476411] Serial: 8250/16550 driver, 32 ports, IRQ sharing enabled
[    2.502255] 00:02: ttyS0 at I/O 0x3f8 (irq = 4, base_baud = 115200) is a 16550A
[    2.510718] Linux agpgart interface v0.103
[    2.516778] loop: module loaded
[    2.518311] scsi host0: ata_piix
[    2.519438] scsi host1: ata_piix
[    2.524166] ata1: PATA max UDMA/33 cmd 0x1f0 ctl 0x3f6 bmdma 0xd000 irq 14
[    2.528393] ata2: PATA max UDMA/33 cmd 0x170 ctl 0x376 bmdma 0xd008 irq 15
[    2.530043] libphy: Fixed MDIO Bus: probed
[    2.531253] tun: Universal TUN/TAP device driver, 1.6
[    2.532457] tun: (C) 1999-2004 Max Krasnyansky <maxk@qualcomm.com>
[    2.534093] PPP generic driver version 2.4.2
[    2.535566] ehci_hcd: USB 2.0 'Enhanced' Host Controller (EHCI) Driver
[    2.538554] ehci-pci: EHCI PCI platform driver
[    2.539982] ehci-platform: EHCI generic platform driver
[    2.541178] ohci_hcd: USB 1.1 'Open' Host Controller (OHCI) Driver
[    2.542648] ohci-pci: OHCI PCI platform driver
[    2.543757] ohci-platform: OHCI generic platform driver
[    2.544961] uhci_hcd: USB Universal Host Controller Interface driver
[    2.546487] i8042: PNP: PS/2 Controller [PNP0303:PS2K,PNP0f03:PS2M] at 0x60,0x64 irq 1,12
[    2.548955] serio: i8042 KBD port at 0x60,0x64 irq 1
[    2.550097] serio: i8042 AUX port at 0x60,0x64 irq 12
[    2.551645] mousedev: PS/2 mouse device common for all mice
[    2.553926] input: AT Translated Set 2 keyboard as /devices/platform/i8042/serio0/input/input2
[    2.560049] rtc_cmos rtc_cmos: rtc core: registered rtc_cmos as rtc0
[    2.560168] rtc_cmos rtc_cmos: alarms up to one day, 114 bytes nvram
[    2.560184] i2c /dev entries driver
[    2.560289] device-mapper: uevent: version 1.0.3
[    2.560376] device-mapper: ioctl: 4.34.0-ioctl (2015-10-28) initialised: dm-devel@redhat.com
[    2.560401] ledtrig-cpu: registered to indicate activity on CPUs
[    2.560899] NET: Registered protocol family 10
[    2.561147] NET: Registered protocol family 17
[    2.561161] Key type dns_resolver registered
[    2.561503] registered taskstats version 1
[    2.561520] Loading compiled-in X.509 certificates
[    2.562454] Loaded X.509 cert 'Build time autogenerated kernel key: cf00e047681d67edb2720680708b7d9498083038'
[    2.562477] zswap: loaded using pool lzo/zbud
[    2.564638] Key type trusted registered
[    2.568622] Key type encrypted registered
[    2.568629] AppArmor: AppArmor sha1 policy hashing enabled
[    2.568631] ima: No TPM chip found, activating TPM-bypass!
[    2.568636] ima: Allocated hash algorithm: sha1
[    2.568654] evm: HMAC attrs: 0x1
[    2.569107]   Magic number: 11:438:877
[    2.577176] rtc_cmos rtc_cmos: setting system clock to 2023-02-17 08:51:45 UTC (1676623905)
[    2.577367] BIOS EDD facility v0.16 2004-Jun-25, 0 devices found
[    2.577367] EDD information not available.
[    2.684180] Freeing unused kernel memory: 1492K
[    2.685853] Write protecting the kernel read-only data: 14336k
[    2.695671] Freeing unused kernel memory: 1584K
[    2.699171] Freeing unused kernel memory: 52K
Loading, please wait...
starting version 229
[    2.741279] random: systemd-udevd: uninitialized urandom read (16 bytes read, 3 bits of entropy available)
[    2.742418] random: udevadm: uninitialized urandom read (16 bytes read, 3 bits of entropy available)
[    2.742450] random: udevadm: uninitialized urandom read (16 bytes read, 3 bits of entropy available)
[    2.750400] random: systemd-udevd: uninitialized urandom read (16 bytes read, 3 bits of entropy available)
[    2.754163] random: systemd-udevd: uninitialized urandom read (16 bytes read, 3 bits of entropy available)
[    2.763556] random: systemd-udevd: uninitialized urandom read (16 bytes read, 3 bits of entropy available)
[    2.764470] random: udevadm: uninitialized urandom read (16 bytes read, 3 bits of entropy available)
[    2.764622] random: udevadm: uninitialized urandom read (16 bytes read, 3 bits of entropy available)
[    2.764946] random: udevadm: uninitialized urandom read (16 bytes read, 3 bits of entropy available)
[    2.765070] random: udevadm: uninitialized urandom read (16 bytes read, 3 bits of entropy available)
[    2.882164] e1000: Intel(R) PRO/1000 Network Driver - version 7.3.21-k8-NAPI
[    2.891688] e1000: Copyright (c) 1999-2006 Intel Corporation.
[    2.904832] Fusion MPT base driver 3.04.20
[    2.912256] Copyright (c) 1999-2008 LSI Corporation
[    2.937006] Fusion MPT SPI Host driver 3.04.20
[    3.151719] input: ImExPS/2 Generic Explorer Mouse as /devices/platform/i8042/serio1/input/input4
[    3.376117] e1000 0000:00:03.0 eth0: (PCI:33MHz:32-bit) 02:be:82:6b:cc:1d
[    3.378127] e1000 0000:00:03.0 eth0: Intel(R) PRO/1000 Network Connection
[    3.380793] mptbase: ioc0: Initiating bringup
[    3.452344] ioc0: LSI53C1030 A0: Capabilities={Initiator}
[    4.429590] scsi host2: ioc0: LSI53C1030 A0, FwRev=00000000h, Ports=1, MaxQ=256, IRQ=20
[    5.200479] scsi 2:0:0:0: Direct-Access     VBOX     HARDDISK         1.0  PQ: 0 ANSI: 5
[    5.208249] scsi target2:0:0: Beginning Domain Validation
[    5.219855] scsi target2:0:0: Domain Validation skipping write tests
[    5.222108] scsi target2:0:0: Ending Domain Validation
[    5.223537] scsi target2:0:0: asynchronous
[    5.225581] scsi 2:0:1:0: Direct-Access     VBOX     HARDDISK         1.0  PQ: 0 ANSI: 5
[    5.233298] scsi target2:0:1: Beginning Domain Validation
[    5.238706] scsi target2:0:1: Domain Validation skipping write tests
[    5.240486] scsi target2:0:1: Ending Domain Validation
[    5.242178] scsi target2:0:1: asynchronous
[    5.264174] sd 2:0:0:0: Attached scsi generic sg0 type 0
[    5.265681] sd 2:0:0:0: [sda] 83886080 512-byte logical blocks: (42.9 GB/40.0 GiB)
[    5.268270] sd 2:0:1:0: Attached scsi generic sg1 type 0
[    5.270091] sd 2:0:1:0: [sdb] 20480 512-byte logical blocks: (10.5 MB/10.0 MiB)
[    5.273909] sd 2:0:0:0: [sda] Write Protect is off
[    5.282170] sd 2:0:1:0: [sdb] Write Protect is off
[    5.298457] sd 2:0:0:0: [sda] Incomplete mode parameter data
[    5.300035] sd 2:0:0:0: [sda] Assuming drive cache: write through
[    5.301783] sd 2:0:1:0: [sdb] Incomplete mode parameter data
[    5.303869] sd 2:0:1:0: [sdb] Assuming drive cache: write through
[    5.311844]  sda: sda1
[    5.313687] sd 2:0:0:0: [sda] Attached SCSI disk
[    5.315682] sd 2:0:1:0: [sdb] Attached SCSI disk
[    5.704895] e1000 0000:00:08.0 eth1: (PCI:33MHz:32-bit) 08:00:27:47:44:e6
[    5.708987] e1000 0000:00:08.0 eth1: Intel(R) PRO/1000 Network Connection
[    5.715225] e1000 0000:00:08.0 enp0s8: renamed from eth1
[    5.740078] e1000 0000:00:03.0 enp0s3: renamed from eth0
Begin: Loading essential drivers ... [    7.159382] md: linear personality registered for level -1
[    7.164275] md: multipath personality registered for level -4
[    7.178295] md: raid0 personality registered for level 0
[    7.187799] md: raid1 personality registered for level 1
[    7.274852] raid6: sse2x1   gen()  6308 MB/s
[    7.346862] raid6: sse2x1   xor()  4612 MB/s
[    7.415435] raid6: sse2x2   gen()  7470 MB/s
[    7.491601] raid6: sse2x2   xor()  5822 MB/s
[    7.558961] raid6: sse2x4   gen()  8870 MB/s
[    7.626876] raid6: sse2x4   xor()  6072 MB/s
[    7.631395] raid6: using algorithm sse2x4 gen() 8870 MB/s
[    7.632657] raid6: .... xor() 6072 MB/s, rmw enabled
[    7.634012] raid6: using ssse3x2 recovery algorithm
[    7.641747] xor: measuring software checksum speed
[    7.682990]    prefetch64-sse: 12085.000 MB/sec
[    7.730793]    generic_sse: 12377.000 MB/sec
[    7.732216] xor: using function: generic_sse (12377.000 MB/sec)
[    7.737332] async_tx: api initialized (async)
[    7.755951] md: raid6 personality registered for level 6
[    7.758684] md: raid5 personality registered for level 5
[    7.761127] md: raid4 personality registered for level 4
[    7.773291] md: raid10 personality registered for level 10
done.
Begin: Running /scripts/init-premount ... done.
Begin: Mounting root file system ... Begin: Running /scripts/local-top ... done.
Begin: Running /scripts/local-premount ... [    7.830836] Btrfs loaded
Scanning for Btrfs filesystems
done.
Warning: fsck not present, so skipping root file system
[    7.881214] EXT4-fs (sda1): mounted filesystem with ordered data mode. Opts: (null)
done.
Begin: Running /scripts/local-bottom ... done.
Begin: Running /scripts/init-bottom ... done.
[    8.066327] systemd[1]: systemd 229 running in system mode. (+PAM +AUDIT +SELINUX +IMA +APPARMOR +SMACK +SYSVINIT +UTMP +LIBCRYPTSETUP +GCRYPT +GNUTLS +ACL +XZ -LZ4 +SECCOMP +BLKID +ELFUTILS +KMOD -IDN)
[    8.073940] systemd[1]: Detected virtualization oracle.
[    8.075300] systemd[1]: Detected architecture x86-64.

Welcome to [1mUbuntu 16.04.7 LTS[0m!

[    8.082133] systemd[1]: Set hostname to <ubuntu-xenial>.
[    8.458236] systemd[1]: Listening on /dev/intctl Compatibility Named Pipe.
[[0;32m  OK  [0m] Listening on /dev/initctl Compatibility Named Pipe.
[    9.086821] systemd[1]: Reached target Swap.
[[0;32m  OK  [0m] Reached target Swap.
[    9.090858] systemd[1]: Reached target User and Group Name Lookups.
[[0;32m  OK  [0m] Reached target User and Group Name Lookups.
[    9.095151] systemd[1]: Created slice System Slice.
[[0;32m  OK  [0m] Created slice System Slice.
[    9.098873] systemd[1]: Created slice User and Session Slice. [[0;32m  OK  [0m] Created slice User and Session Slice.
[    9.440435] systemd[1]: Set up automount Arbitrary Executable File Formats File System Automount Point.
[[0;32m  OK  [0m] Set up automount Arbitrary Executab...ats File System Automount Point.
[    9.445486] systemd[1]: Started Trigger resolvconf update for networkd DNS.
[[0;32m  OK  [0m] Started Trigger resolvconf update for networkd DNS.
[    9.671540] systemd[1]: Listening on LVM2 poll daemon socket.
[[0;32m  OK  [0m] Listening on LVM2 poll daemon socket.
[   10.052340] systemd[1]: Listening on Journal Socket.
[[0;32m  OK  [0m] Listening on Journal Socket.
[   10.067609] systemd[1]: Starting Create list of required static device nodes for the current kernel...
         Starting Create list of required st... nodes for the current kernel...
[   10.090343] systemd[1]: Starting Uncomplicated firewall...
         Starting Uncomplicated firewall...
[   10.121116] systemd[1]: Mounting POSIX Message Queue File System...
         Mounting POSIX Message Queue File System...
[   10.126622] systemd[1]: Starting Nameserver information manager...
         Starting Nameserver information manager...
[   10.132609] systemd[1]: Listening on LVM2 metadata daemon socket.
[[0;32m  OK  [0m] Listening on LVM2 metadata daemon socket.
[   10.136755] systemd[1]: Reached target Slices.
[[0;32m  OK  [0m] Reached target Slices.
[   10.144613] systemd[1]: Created slice system-serial\x2dgetty.slice.
[[0;32m  OK  [0m] Created slice system-serial\x2dgetty.slice.
[   10.151470] systemd[1]: Listening on Journal Audit Socket.
[[0;32m  OK  [0m] Listening on Journal Audit Socket.
[   10.161704] ip_tables: (C) 2000-2006 Netfilter Core Team
[   10.165741] systemd[1]: Listening on udev Kernel Socket.
[[0;32m  OK  [0m] Listening on udev Kernel Socket.
[   10.180495] nf_conntrack version 0.5.0 (16384 buckets, 65536 max)
[   10.183248] systemd[1]: Starting Set console keymap...
         Starting Set console keymap...
[   10.188477] systemd[1]: Listening on udev Control Socket.
[[0;32m  OK  [0m] Listening on udev Control Socket.
[   10.192764] systemd[1]: Listening on Syslog Socket.
[[0;32m  OK  [0m] Listening on Syslog Socket.
[   10.203190] systemd[1]: Starting Load Kernel Modules...
         Starting Load Kernel Modules...
[   10.209318] systemd[1]: Mounting Huge Pages File System...
         Mounting Huge Pages File System...
[   10.216037] systemd[1]: Listening on Device-mapper event daemon FIFOs.
[   10.234323] Loading iSCSI transport class v2.0-870.
[[0;32m  OK  [0m] Listening on Device-mapper event daemon FIFOs.
[   10.250172] iscsi: registered transport (tcp)
[   10.256039] systemd[1]: Starting Monitoring of LVM2 mirrors, snapshots etc. using dmeventd or progress polling...
         Starting Monitoring of LVM2 mirrors... dmeventd or progress polling...
[   10.262393] systemd[1]: Reached target System Time Synchronized.
[[0;32m  OK  [0m] Reached target System Time Synchronized.
[   10.267021] systemd[1]: Listening on fsck to fsckd communication Socket.
[[0;32m  OK  [0m] Listening on fsck to fsckd communication Socket.
[   10.272421] systemd[1]: Mounting Debug File System...
         Mounting Debug File Sys[   10.295533] ip6_tables: (C) 2000-2006 Netfilter Core Team
tem...
[   10.331160] systemd[1]: Listening on Journal Socket (/dev/log).
[[0;32m  OK  [0m] Listening on Journal Socket (/dev/log).
[   10.363076] systemd[1]: Starting Journal Service...
         Starting Journal Service...
[   10.373606] iscsi: registered transport (iser)
[   10.375331] systemd[1]: Reached target Encrypted Volumes.
[[0;32m  OK  [0m] Reached target Encrypted Volumes.
[   10.407129] systemd[1]: Starting File System Check on Root Device...
         Starting File System Check on Root Device...
[   10.411397] systemd[1]: Started Forward Password Requests to Wall Directory Watch.
[[0;32m  OK  [0m] Started Forward Password Requests to Wall Directory Watch.
[   10.449598] systemd[1]: Mounted Huge Pages File System.
[[0;32m  OK  [0m] Mounted Huge Pages File System.
[   10.459118] systemd[1]: Mounted POSIX Message Queue File System.
[[0;32m  OK  [0m] Mounted POSIX Message Queue File System.
[   10.483528] systemd[1]: Mounted Debug File System.
[[0;32m  OK  [0m] Mounted Debug File System.
[   10.487036] systemd[1]: Started Journal Service.
[[0;32m  OK  [0m] Started Journal Service.
[[0;32m  OK  [0m] Started Create list of required sta...ce nodes for the current kernel.
[[0;32m  OK  [0m] Started Set console keymap.
[[0;32m  OK  [0m] Started Load Kernel Modules.
[[0;32m  OK  [0m] Started File System Check on Root Device.
[[0;32m  OK  [0m] Started Nameserver information manager.
[[0;32m  OK  [0m] Started LVM2 metadata daemon.
[[0;32m  OK  [0m] Started File System Check Daemon to report status.
         Starting Remount Root and Kernel File Systems...
         Mounting FUSE Control F[   10.564080] EXT4-fs (sda1): re-mounted. Opts: (null)
ile System...
         Starting Apply Kernel Variables...
         Starting Create Static Device Nodes in /dev...
[[0;32m  OK  [0m] Mounted FUSE Control File System.
[[0;32m  OK  [0m] Started Uncomplicated firewall.
[[0;32m  OK  [0m] Started Remount Root and Kernel File Systems.
[[0;32m  OK  [0m] Started Apply Kernel Variables.
[[0;32m  OK  [0m] Started Create Static Device Nodes in /dev.
         Starting udev Kernel Device Manager...
         Starting Load/Save Random Seed...
         Starting Flush Journal to Persistent Storage...
         Starting udev Coldplug all Devices...
[[0;32m  OK  [0m] Started Monitoring of LVM2 mirrors,...ng dmeventd or progress polling.
[[0;32m  OK  [0m] Started Load/Save Random Seed.
[[0;32m  OK  [0m] Started udev Kernel Device Manager.
[[0;32m  OK  [0m] Reached target Local File Systems (Pre).
[[0;32m  OK  [0m] Reached target Local File Systems.
         Starting Initial cloud-init job (pre-networking)...
         Starting Set console font and keymap...
         Starting LSB: AppArmor initialization...
         Starting Tell Plymouth To Write Out Runtime Data...
[[0;32m  OK  [0m] Started Flush Journal to Persistent Storage.
[[0;32m  OK  [0m] Started udev Coldplug all Devices.
[[0;32m  OK  [0m] Started Tell Plymouth To Write Out Runtime Data.
[[0;32m  OK  [0m] Found device /dev/ttyS0.
[[0;32m  OK  [0m] Started Dispatch Password Requests to Console Directory Watch.
         Starting Create Volatile Files and Directories...
[[0;32m  OK  [0m] Started LSB: AppArmor initialization.
[[0;32m  OK  [0m] Started Create Volatile Files and Directories.
[[0;32m  OK  [0m] Listening on Load/Save RF Kill Switch Status /dev/rfkill Watch.
         Starting Update UTMP about System Boot/Shutdown...
         Starting Load AppArmor profiles managed internally by snapd...
[[0;32m  OK  [0m] Started Load AppArmor profiles managed internally by snapd.
[[0;32m  OK  [0m] Started Update UTMP about System Boot/Shutdown.
[[0;32m  OK  [0m] Found device 82540EM Gigabit Ethern...r (PRO/1000 MT Desktop Adapter).
[[0;32m  OK  [0m] Found device 82540EM Gigabit Ethern...r (PRO/1000 MT Desktop Adapter).
[[0;32m  OK  [0m] Started Set console font and keymap.
[[0;32m  OK  [0m] Created slice system-getty.slice.
[   11.394283] cloud-init[538]: Cloud-init v. 21.1-19-gbad84ad4-0ubuntu1~16.04.2 running 'init-local' at Fri, 17 Feb 2023 08:51:55 +0000. Up 10.90 seconds.
[[0;32m  OK  [0m] Started Initial cloud-init job (pre-networking).
[[0;32m  OK  [0m] Reached target Network (Pre).
[[0;32m  OK  [0m] Started ifup for enp0s8.
[[0;32m  OK  [0m] Started ifup for enp0s3.
         Starting Raise network interfaces...
[[0;32m  OK  [0m] Started Raise network interfaces.
[[0;32m  OK  [0m] Reached target Network.
         Starting Initial cloud-init job (metadata service crawler)...
[   12.665589] cloud-init[1129]: Cloud-init v. 21.1-19-gbad84ad4-0ubuntu1~16.04.2 running 'init' at Fri, 17 Feb 2023 08:51:56 +0000. Up 12.19 seconds.
[   12.699561] cloud-init[1129]: ci-info: ++++++++++++++++++++++++++++++++++++++Net device info+++++++++++++++++++++++++++++++++++++++
[   12.705528] cloud-init[1129]: ci-info: +--------+------+-----------------------------+---------------+--------+-------------------+
[   12.708604] cloud-init[1129]: ci-info: | Device |  Up  |           Address           |      Mask     | Scope  |     Hw-Address    |
[   12.712887] cloud-init[1129]: ci-info: +--------+------+-----------------------------+---------------+--------+-------------------+
[   12.729031] cloud-init[1129]: ci-info: | enp0s3 | True |          10.0.2.15          | 255.255.255.0 | global | 02:be:82:6b:cc:1d |
[   12.732212] cloud-init[1129]: ci-info: | enp0s3 | True |  fe80::be:82ff:fe6b:cc1d/64 |       .       |  link  | 02:be:82:6b:cc:1d |
[   12.744810] cloud-init[1129]: ci-info: | enp0s8 | True |        192.168.33.14        | 255.255.255.0 | global | 08:00:27:47:44:e6 |
[   12.748139] cloud-init[1129]: ci-info: | enp0s8 | True | fe80::a00:27ff:fe47:44e6/64 |       .       |  link  | 08:00:27:47:44:e6 |
[   12.753832] cloud-init[1129]: ci-info: |   lo   | True |          127.0.0.1          |   255.0.0.0   |  host  |         .         |
[   12.758069] cloud-init[1129]: ci-info: |   lo   | True |           ::1/128           |       .       |  host  |         .         |
[   12.761545] cloud-init[1129]: ci-info: +--------+------+-----------------------------+---------------+--------+-------------------+
[   12.785377] cloud-init[1129]: ci-info: ++++++++++++++++++++++++++++Route IPv4 info++++++++++++++++++++++++++++
[   12.785876] cloud-init[1129]: ci-info: +-------+--------------+----------+---------------+-----------+-------+
[   12.786309] cloud-init[1129]: ci-info: | Route | Destination  | Gateway  |    Genmask    | Interface | Flags |
[   12.786584] cloud-init[1129]: ci-info: +-------+--------------+----------+---------------+-----------+-------+
[   12.786931] cloud-init[1129]: ci-info: |   0   |   0.0.0.0    | 10.0.2.2 |    0.0.0.0    |   enp0s3  |   UG  |
[   12.790540] cloud-init[1129]: ci-info: |   1   |   10.0.2.0   | 0.0.0.0  | 255.255.255.0 |   enp0s3  |   U   |
[[0;32m  OK  [0m] Started Initial cloud-init job (metadata service crawler).
[   12.794268] cloud-init[1129]: ci-info: |   2   | 192.168.33.0 | 0.0.0.0  | 255.255.255.0 |   enp0s8  |   U   |
[   12.836976] cloud-init[1129]: ci-info: +-------+--------------+----------+---------------+-----------+-------+
[   12.837382] cloud-init[1129]: ci-info: +++++++++++++++++++Route IPv6 info+++++++++++++++++++
[[   12.841177] cloud-init[1129]: ci-info: +-------+-------------+---------+-----------+-------+
[   12.841358] cloud-init[1129]: ci-info: | Route | Destination | Gateway | Interface | Flags |
[0;32m  OK  [0m] Reached target System Initialization.
[[   12.842692] cloud-init[1129]: ci-info: +-------+-------------+---------+-----------+-------+
[   12.848618] cloud-init[1129]: ci-info: |   0   |  fe80::/64  |    ::   |   enp0s8  |   U   |
[   12.853060] cloud-init[1129]: ci-info: |   1   |  fe80::/64  |    ::   |   enp0s3  |   U   |
[0;32m  OK  [0m] Listening on UUID daemon activation socket.
[   12.853393] cloud-init[1129]: ci-info: |   4   |   ff00::/8  |    ::   |   enp0s8  |   U   |
[   12.873491] cloud-init[1129]: ci-info: |   5   |   ff00::/8  |    ::   |   enp0s3  |   U   |
[   12.873941] cloud-init[1129]: ci-info: +-------+-------------+---------+-----------+-------+
[[0;32m  OK  [0m] Started Daily apt download activities.
[[0;32m  OK  [0m] Started Daily Cleanup of Temporary Directories.
         Starting Socket activation for snappy daemon.
[[0;32m  OK  [0m] Listening on D-Bus System Message Bus Socket.
[[0;32m  OK  [0m] Started ACPI Events Check.
[[0;32m  OK  [0m] Reached target Paths.
[[0;32m  OK  [0m] Started Daily apt upgrade and clean activities.
[[0;32m  OK  [0m] Started Clean PHP session files every 30 mins.
[[0;32m  OK  [0m] Started Ubuntu Advantage update messaging.
[[0;32m  OK  [0m] Listening on ACPID Listen Socket.
[[0;32m  OK  [0m] Started Message of the Day.
[[0;32m  OK  [0m] Reached target Timers.
         Starting LXD - unix socket.
[[0;32m  OK  [0m] Reached target Cloud-config availability.
[[0;32m  OK  [0m] Reached target Network is Online.
         Starting iSCSI initiator daemon (iscsid)...
[[0;32m  OK  [0m] Listening on Socket activation for snappy daemon.
[[0;32m  OK  [0m] Listening on LXD - unix socket.
[[0;32m  OK  [0m] Reached target Sockets.
[[0;32m  OK  [0m] Reached target Basic System.
         Starting Login Service...
         Starting MySQL Community Server...
         Starting The PHP 7.4 FastCGI Process Manager...
         Starting System Logging Service...
         Starting Ubuntu Advantage APT and MOTD Messages...
[[0;32m  OK  [0m] Started D-Bus System Message Bus.
         Starting A high performance web server and a reverse proxy server...
         Starting Accounts Service...
[[0;32m  OK  [0m] Started Deferred execution scheduler.
[[0;32m  OK  [0m] Started Regular background program processing daemon.
[[0;32m  OK  [0m] Started FUSE filesystem for LXC.
         Starting LSB: Record successful boot for GRUB...
         Starting /etc/rc.local Compatibility...
         Starting LSB: MD monitoring daemon...
         Starting LXD - container startup/shutdown...
[[0;32m  OK  [0m] Started ACPI event daemon.
         Starting Virtualbox guest utils...
         Starting Clean php session files...
         Starting Message of the Day...
         Starting OpenBSD Secure Shell server...
         Starting Snap Daemon...
[[0;32m  OK  [0m] Started System Logging Service.
[[0;32m  OK  [0m] Started iSCSI initiator daemon (iscsid).
[[0;32m  OK  [0m] Started /etc/rc.local Compatibility.
[[0;32m  OK  [0m] Started Message of the Day.
         Starting Login to default iSCSI targets...
[[0;32m  OK  [0m] Started Login Service.
         Starting Authenticate and Authorize Users to Run Privileged Tasks...
[[0;32m  OK  [0m] Started Unattended Upgrades Shutdown.
[[0;32m  OK  [0m] Started LSB: Record successful boot for GRUB.
[[0;32m  OK  [0m] Started LSB: MD monitoring daemon.
[[0;32m  OK  [0m] Started Login to default iSCSI targets.
[[0;32m  OK  [0m] Reached target Remote File Systems (Pre).
         Mounting /home/vagrant/symfony...
         Mounting /vagrant...
[[0;32m  OK  [0m] Started Authenticate and Authorize Users to Run Privileged Tasks.
[[0;1;31mFAILED[0m] Failed to mount /vagrant.
See 'systemctl status vagrant.mount' for details.
[[0;1;33mDEPEND[0m] Dependency failed for Remote File Systems.
[[0;1;31mFAILED[0m] Failed to mount /home/vagrant/symfony.
See 'systemctl status home-vagrant-symfony.mount' for details.
[[0;32m  OK  [0m] Started Accounts Service.
         Starting LSB: automatic crash report generation...
         Starting LSB: daemon to balance interrupts for SMP systems...
         Starting Permit User Sessions...
         Starting LSB: Set the CPU Frequency Scaling governor to "ondemand"...
[[0;32m  OK  [0m] Started Permit User Sessions.
         Starting Hold until boot process finishes up...
         Starting Terminate Plymouth Boot Screen...
[[0;32m  OK  [0m] Started OpenBSD Secure Shell server.
[[0;32m  OK  [0m] Started Terminate Plymouth Boot Screen.
[[0;32m  OK  [0m] Started A high performance web server and a reverse proxy server.
[[0;32m  OK  [0m] Started Hold until boot process finishes up.
[[0;32m  OK  [0m] Started LXD - container startup/shutdown.
[[0;32m  OK  [0m] Started Getty on tty1.
         Starting Set console scheme...
[[0;32m  OK  [0m] Started Serial Getty on ttyS0.
[[0;32m  OK  [0m] Reached target Login Prompts.
[[0;32m  OK  [0m] Started Set console scheme.
[[0;32m  OK  [0m] Started Virtualbox guest utils.
[[0;32m  OK  [0m] Started LSB: Set the CPU Frequency Scaling governor to "ondemand".
[[0;32m  OK  [0m] Started LSB: daemon to balance interrupts for SMP systems.
[[0;32m  OK  [0m] Started LSB: automatic crash report generation.
[[0;32m  OK  [0m] Started Snap Daemon.
         Starting Wait until snapd is fully seeded...
[[0;32m  OK  [0m] Started The PHP 7.4 FastCGI Process Manager.
[[0;32m  OK  [0m] Started Wait until snapd is fully seeded.
         Starting Apply the settings specified in cloud-config...
[[0;32m  OK  [0m] Started Clean php session files.
[   17.412050] cloud-init[1498]: Cloud-init v. 21.1-19-gbad84ad4-0ubuntu1~16.04.2 running 'modules:config' at Fri, 17 Feb 2023 08:51:59 +0000. Up 14.79 seconds.
[[0;32m  OK  [0m] Started Ubuntu Advantage APT and MOTD Messages.
[[0;32m  OK  [0m] Started Apply the settings specified in cloud-config.
[[0;32m  OK  [0m] Created slice User Slice of vagrant.
         Starting User Manager for UID 1000...
[[0;32m  OK  [0m] Started Session 1 of user vagrant.
[[0;32m  OK  [0m] Started User Manager for UID 1000.
[[0;32m  OK  [0m] Started MySQL Community Server.
[[0;32m  OK  [0m] Reached target Multi-User System.
[[0;32m  OK  [0m] Reached target Graphical Interface.
         Starting Update UTMP about System Runlevel Changes...
         Starting Execute cloud user/final scripts...
[[0;32m  OK  [0m] Started Update UTMP about System Runlevel Changes.
[   19.245034] cloud-init[1639]: Cloud-init v. 21.1-19-gbad84ad4-0ubuntu1~16.04.2 running 'modules:final' at Fri, 17 Feb 2023 08:52:03 +0000. Up 19.05 seconds.
[   19.245805] cloud-init[1639]: Cloud-init v. 21.1-19-gbad84ad4-0ubuntu1~16.04.2 finished at Fri, 17 Feb 2023 08:52:03 +0000. Datasource DataSourceNoCloud [seed=/dev/sdb][dsmode=net].  Up 19.23 seconds

Ubuntu 16.04.7 LTS ubuntu-xenial ttyS0

ubuntu-xenial login: 